{
  "RSpec": {
    "coverage": {
      "/Users/student/Programing/exploration_game/lib/game.rb": {
        "lines": [
          1,
          null,
          1,
          1,
          7,
          null,
          null,
          1,
          7,
          null,
          null,
          1,
          7,
          36,
          29,
          29,
          null,
          null,
          null,
          1,
          36,
          29,
          null,
          null,
          1,
          36,
          30,
          null,
          null,
          null,
          1,
          29,
          29,
          5,
          5,
          null,
          24,
          null
        ]
      },
      "/Users/student/Programing/exploration_game/lib/interface.rb": {
        "lines": [
          1,
          1,
          1,
          null,
          1,
          null,
          1,
          8,
          8,
          8,
          8,
          null,
          null,
          1,
          29,
          null,
          29,
          null,
          0,
          null,
          null,
          null,
          1,
          6,
          null,
          null,
          1,
          2,
          null,
          null,
          1,
          2,
          null,
          null,
          1,
          2,
          2,
          null,
          null,
          1,
          2,
          2,
          null,
          null,
          1,
          42,
          42,
          42,
          null,
          null,
          1,
          36,
          28,
          6,
          6,
          null,
          null,
          null,
          null,
          1,
          null,
          30,
          6,
          5,
          null,
          null,
          null,
          1,
          29,
          null,
          null,
          1,
          8,
          null,
          null,
          1,
          null,
          1,
          8,
          null,
          null,
          1,
          8,
          null,
          null,
          1,
          8,
          null,
          null,
          1,
          13,
          31,
          145,
          null,
          null,
          13,
          13,
          null,
          null,
          1,
          5,
          2,
          2,
          3,
          3,
          3,
          null,
          5,
          5,
          null,
          null,
          1,
          13,
          13,
          null,
          null,
          1,
          13,
          26,
          26,
          null,
          null,
          null,
          1,
          13,
          83,
          166,
          166,
          null,
          null,
          null,
          null,
          1,
          13,
          13,
          31,
          145,
          8,
          8,
          null,
          null,
          null,
          null,
          null,
          1,
          0,
          0,
          null,
          0,
          null,
          null,
          1,
          2,
          null,
          null,
          1,
          3,
          null,
          null,
          1,
          42,
          42,
          42,
          42,
          1260,
          null,
          null,
          null,
          1,
          42,
          42,
          31,
          29,
          29,
          29,
          null,
          null,
          null,
          null,
          1,
          252,
          42,
          42,
          null,
          null,
          null
        ]
      },
      "/Users/student/Programing/exploration_game/lib/moveable.rb": {
        "lines": [
          1,
          null,
          1,
          null,
          1,
          null,
          1,
          24,
          24,
          24,
          null,
          null,
          1,
          45,
          null,
          null,
          null,
          null,
          1,
          null,
          1,
          1,
          null,
          1,
          12,
          12,
          12,
          null,
          null,
          1,
          1,
          null,
          1,
          39,
          39,
          43,
          43,
          null,
          null,
          null,
          1,
          44,
          44,
          null,
          43,
          null,
          null,
          null,
          1,
          37,
          null,
          8,
          null,
          10,
          null,
          4,
          null,
          15,
          null,
          0,
          0,
          null,
          null,
          null,
          null,
          1,
          null,
          1,
          11,
          11,
          null,
          null,
          1,
          0,
          null,
          null,
          1,
          15,
          null,
          2,
          null,
          2,
          null,
          2,
          null,
          2,
          null,
          null,
          null,
          null
        ]
      },
      "/Users/student/Programing/exploration_game/lib/level.rb": {
        "lines": [
          1,
          1,
          1,
          9,
          9,
          null,
          null,
          null,
          1,
          145,
          55,
          6,
          3,
          2,
          2,
          3,
          65,
          1,
          8,
          null,
          null,
          null,
          1,
          1,
          null,
          null,
          null,
          null,
          null,
          null,
          null,
          null,
          null,
          null,
          null,
          null,
          null,
          null,
          null,
          null,
          null,
          null,
          null,
          null,
          null,
          null,
          null,
          null,
          null,
          null,
          null,
          null,
          null,
          null,
          null,
          null,
          null,
          null,
          null,
          null,
          null,
          null,
          null,
          null,
          null,
          null,
          null,
          null,
          null,
          null
        ]
      },
      "/Users/student/Programing/exploration_game/lib/tile.rb": {
        "lines": [
          1,
          null,
          1,
          1,
          null,
          1,
          557,
          557,
          557,
          null,
          null,
          1,
          null,
          null,
          1,
          20,
          null,
          null,
          1,
          3,
          null,
          null,
          null,
          1,
          1,
          460,
          460,
          null,
          null,
          null,
          1,
          1,
          9,
          9,
          9,
          null,
          null,
          1,
          5,
          5,
          null,
          null,
          1,
          6,
          5,
          null,
          null,
          null,
          1,
          1,
          6,
          6,
          6,
          null,
          null,
          1,
          4,
          4,
          null,
          null,
          1,
          5,
          4,
          null,
          null,
          null,
          1,
          1,
          58,
          58,
          58,
          58,
          null,
          null,
          null,
          1,
          1,
          4,
          4,
          null,
          null,
          1,
          2,
          2,
          null,
          null,
          null,
          1,
          1,
          4,
          4,
          null,
          null,
          1,
          3,
          3,
          null,
          null,
          null,
          1,
          1,
          8,
          8,
          8,
          null,
          null,
          1,
          8,
          3,
          3,
          null,
          5,
          null,
          null,
          null,
          1,
          3,
          null,
          null,
          null,
          1,
          1,
          6,
          6,
          6,
          null,
          null
        ]
      },
      "/Users/student/Programing/exploration_game/lib/play.rb": {
        "lines": [
          0,
          null,
          0,
          0,
          0
        ],
        "branches": {
        }
      }
    },
    "timestamp": 1594474473
  }
}
